<?xml version="1.0" encoding="UTF-8" ?>
<testsuite errors="0" failures="0" hostname="Tracy"
	name="net.vicp.madz.client.ui.delegate.UIQueryDelegateTest" tests="1"
	time="24.813" timestamp="2009-06-04T13:53:22">
	<properties>
		<property name="java.runtime.name" value="Java(TM) SE Runtime Environment" />
		<property name="sun.boot.library.path" value="D:\Java\jdk1.6.0_05\jre\bin" />
		<property name="java.vm.version" value="10.0-b19" />
		<property name="java.vm.vendor" value="Sun Microsystems Inc." />
		<property name="java.vendor.url" value="http://java.sun.com/" />
		<property name="path.separator" value=";" />
		<property name="java.vm.name" value="Java HotSpot(TM) Client VM" />
		<property name="file.encoding.pkg" value="sun.io" />
		<property name="user.country" value="CN" />
		<property name="sun.java.launcher" value="SUN_STANDARD" />
		<property name="sun.os.patch.level" value="Service Pack 2" />
		<property name="java.vm.specification.name" value="Java Virtual Machine Specification" />
		<property name="user.dir"
			value="F:\Projects\Java\CRMPModules\CRMPSystem\CRMPClient" />
		<property name="java.runtime.version" value="1.6.0_05-b13" />
		<property name="java.awt.graphicsenv" value="sun.awt.Win32GraphicsEnvironment" />
		<property name="java.endorsed.dirs" value="D:\Java\jdk1.6.0_05\jre\lib\endorsed" />
		<property name="os.arch" value="x86" />
		<property name="java.io.tmpdir" value="C:\DOCUME~1\CleaNEr\LOCALS~1\Temp\" />
		<property name="line.separator" value="
" />
		<property name="java.vm.specification.vendor" value="Sun Microsystems Inc." />
		<property name="user.variant" value="" />
		<property name="os.name" value="Windows XP" />
		<property name="sun.jnu.encoding" value="GBK" />
		<property name="java.library.path"
			value="D:\Java\jdk1.6.0_05\bin;.;C:\WINDOWS\Sun\Java\bin;C:\WINDOWS\system32;C:\WINDOWS;E:\Perl\bin;C:\WINDOWS\system32;C:\WINDOWS;C:\WINDOWS\System32\Wbem;C:\Program Files\ATI Technologies\ATI.ACE\Core-Static;D:\Java\jdk1.6.0_05\bin;D:\Program Files\ant\apache-ant-1.7.0\\bin;%MYSQL_HOME%\bin;;D:\Sun\jwsdp-2.0\jaxrpc\bin;D:\Java\jdk1.6.0_05\bin;C:\PROGRA~1\YAHOO!\WIDGETS;C:\PROGRA~1\YAHOO!\WIDGETS\Microsoft.VC80.CRT\;C:\MinGW\bin;D:\Program Files\Subversion\bin;;%FLEX_HOME%\bin;%M2_HOME%\bin;C:\Program Files\TortoiseCVS;C:\Program Files\Common Files\Thunder Network\KanKan\Codecs;D:\MySQL\MySQL Server 5.0\bin;D:\Program Files\Executive Software\Diskeeper\;C:\Program Files\TortoiseSVN\bin;C:\Program Files\StormII\Codec;C:\Program Files\StormII;D:\glassfish\bin;D:\flex_sdk\bin" />
		<property name="java.specification.name" value="Java Platform API Specification" />
		<property name="java.class.version" value="50.0" />
		<property name="sun.management.compiler" value="HotSpot Client Compiler" />
		<property name="os.version" value="5.1" />
		<property name="user.home" value="C:\Documents and Settings\CleaNEr" />
		<property name="user.timezone" value="" />
		<property name="java.awt.printerjob" value="sun.awt.windows.WPrinterJob" />
		<property name="file.encoding" value="GBK" />
		<property name="java.specification.version" value="1.6" />
		<property name="user.name" value="CleaNEr" />
		<property name="java.class.path"
			value="D:\Program Files\NetBeans 6.5.1\java2\ant\patches\72080.jar;D:\Program Files\NetBeans 6.5.1\java2\ant\patches\ant-42275.jar;D:\Program Files\NetBeans 6.5.1\java2\ant\lib\ant.jar;D:\Program Files\NetBeans 6.5.1\java2\ant\lib\ant-junit.jar;F:\Projects\Java\CRMPModules\CRMPSystem\CRMPClient\lib\appserv-deployment-client.jar;F:\Projects\Java\CRMPModules\CRMPSystem\CRMPClient\lib\appserv-ee.jar;F:\Projects\Java\CRMPModules\CRMPSystem\CRMPClient\lib\appserv-ext.jar;F:\Projects\Java\CRMPModules\CRMPSystem\CRMPClient\lib\appserv-rt.jar;F:\Projects\Java\CRMPModules\CRMPSystem\CRMPClient\lib\javaee.jar;F:\Projects\Java\CRMPModules\CRMPSystem\CRMPClient\lib\org-netbeans-modules-schema2beans.jar;F:\Projects\Java\CRMPModules\CRMPSystem\CRMPClient\lib\toplink-essentials-agent.jar;F:\Projects\Java\CRMPModules\CRMPSystem\CRMPClient\lib\toplink-essentials.jar;F:\Projects\Java\CRMPModules\CRMPSystem\CRMP3CSystem-ejb\build\jar;F:\Projects\Java\CRMPModules\CRMPSystem\CRMP3CSystem-ejb\src\java;F:\Projects\Java\CRMPModules\CRMPSystem\CRMPClient\build\classes;F:\Projects\Java\CRMPModules\CRMPSystem\CRMPClient\src;D:\Program Files\NetBeans 6.5.1\platform9\modules\ext\junit-4.5.jar;F:\Projects\Java\CRMPModules\CRMPSystem\CRMPClient\build\test\classes;F:\Projects\Java\CRMPModules\CRMPSystem\CRMPClient\test" />
		<property name="java.vm.specification.version" value="1.0" />
		<property name="sun.arch.data.model" value="32" />
		<property name="java.home" value="D:\Java\jdk1.6.0_05\jre" />
		<property name="java.specification.vendor" value="Sun Microsystems Inc." />
		<property name="user.language" value="zh" />
		<property name="awt.toolkit" value="sun.awt.windows.WToolkit" />
		<property name="java.vm.info" value="mixed mode" />
		<property name="java.version" value="1.6.0_05" />
		<property name="java.ext.dirs"
			value="D:\Java\jdk1.6.0_05\jre\lib\ext;C:\WINDOWS\Sun\Java\lib\ext" />
		<property name="sun.boot.class.path"
			value="D:\Java\jdk1.6.0_05\jre\lib\resources.jar;D:\Java\jdk1.6.0_05\jre\lib\rt.jar;D:\Java\jdk1.6.0_05\jre\lib\sunrsasign.jar;D:\Java\jdk1.6.0_05\jre\lib\jsse.jar;D:\Java\jdk1.6.0_05\jre\lib\jce.jar;D:\Java\jdk1.6.0_05\jre\lib\charsets.jar;D:\Java\jdk1.6.0_05\jre\classes" />
		<property name="java.vendor" value="Sun Microsystems Inc." />
		<property name="java.security.auth.login.config" value="C:\appclientlogin.conf" />
		<property name="file.separator" value="\" />
		<property name="java.vendor.url.bug" value="http://java.sun.com/cgi-bin/bugreport.cgi" />
		<property name="sun.cpu.endian" value="little" />
		<property name="sun.io.unicode.encoding" value="UnicodeLittle" />
		<property name="sun.desktop" value="windows" />
		<property name="sun.cpu.isalist" value="" />
	</properties>
	<testcase classname="net.vicp.madz.client.ui.delegate.UIQueryDelegateTest"
		name="testGetMenuXMLDescription" time="24.719" />
	<system-out><![CDATA[getMenuXMLDescription

]]></system-out>
	<system-err><![CDATA[]]>
	</system-err>
</testsuite>
